Vivado Simulator v2023.2.2
Copyright 1986-2022 Xilinx, Inc. All Rights Reserved.
Copyright 2022-2023 Advanced Micro Devices, Inc. All Rights Reserved.
Running: C:/Xilinx/Vivado/2023.2/bin/unwrapped/win64.o/xelab.exe --incr --debug typical --relax --mt 2 -L xil_defaultlib -L unisims_ver -L unimacro_ver -L secureip --snapshot top_sim_behav xil_defaultlib.top_sim xil_defaultlib.glbl -log elaborate.log 
Using 2 slave threads.
Starting static elaboration
Pass Through NonSizing Optimizer
WARNING: [VRFC 10-3091] actual bit length 32 differs from formal bit length 5 for port 's_axi_awaddr' [C:/NeuralNetworks/ASL_NN/src/fpga/tb/top_sim.v:76]
WARNING: [VRFC 10-3091] actual bit length 32 differs from formal bit length 3 for port 's_axi_awprot' [C:/NeuralNetworks/ASL_NN/src/fpga/tb/top_sim.v:77]
WARNING: [VRFC 10-3091] actual bit length 32 differs from formal bit length 5 for port 's_axi_araddr' [C:/NeuralNetworks/ASL_NN/src/fpga/tb/top_sim.v:87]
WARNING: [VRFC 10-3091] actual bit length 32 differs from formal bit length 3 for port 's_axi_arprot' [C:/NeuralNetworks/ASL_NN/src/fpga/tb/top_sim.v:88]
WARNING: [VRFC 10-3091] actual bit length 11 differs from formal bit length 10 for port 'radd' [C:/NeuralNetworks/ASL_NN/src/fpga/rtl/neuron.v:172]
WARNING: [VRFC 10-3091] actual bit length 10 differs from formal bit length 1 for port 'i_valid' [C:/NeuralNetworks/ASL_NN/src/fpga/rtl/zynet.v:438]
Completed static elaboration
Starting simulation data flow analysis
WARNING: [XSIM 43-4099] "C:/NeuralNetworks/ASL_NN/src/fpga/rtl/Layer_1.v" Line 1. Module Layer_1(NN=128,weightIntWidth=5) doesn't have a timescale but at least one module in design has a timescale.
WARNING: [XSIM 43-4099] "C:/NeuralNetworks/ASL_NN/src/fpga/rtl/Layer_2.v" Line 1. Module Layer_2(NN=64,numWeight=128,layerNum=2,weightIntWidth=5) doesn't have a timescale but at least one module in design has a timescale.
WARNING: [XSIM 43-4099] "C:/NeuralNetworks/ASL_NN/src/fpga/rtl/Layer_3.v" Line 1. Module Layer_3(NN=32,numWeight=64,layerNum=3,weightIntWidth=5) doesn't have a timescale but at least one module in design has a timescale.
WARNING: [XSIM 43-4099] "C:/NeuralNetworks/ASL_NN/src/fpga/rtl/Layer_4.v" Line 1. Module Layer_4(NN=10,numWeight=32,layerNum=4,weightIntWidth=5) doesn't have a timescale but at least one module in design has a timescale.
WARNING: [XSIM 43-4099] "C:/NeuralNetworks/ASL_NN/src/fpga/rtl/Layer_5.v" Line 1. Module Layer_5(NN=10,numWeight=10,layerNum=5,weightIntWidth=5) doesn't have a timescale but at least one module in design has a timescale.
WARNING: [XSIM 43-4099] "C:/NeuralNetworks/ASL_NN/src/fpga/rtl/Layer_1.v" Line 1. Module Layer_1(NN=128,weightIntWidth=5) doesn't have a timescale but at least one module in design has a timescale.
WARNING: [XSIM 43-4099] "C:/NeuralNetworks/ASL_NN/src/fpga/rtl/Layer_2.v" Line 1. Module Layer_2(NN=64,numWeight=128,layerNum=2,weightIntWidth=5) doesn't have a timescale but at least one module in design has a timescale.
WARNING: [XSIM 43-4099] "C:/NeuralNetworks/ASL_NN/src/fpga/rtl/Layer_3.v" Line 1. Module Layer_3(NN=32,numWeight=64,layerNum=3,weightIntWidth=5) doesn't have a timescale but at least one module in design has a timescale.
WARNING: [XSIM 43-4099] "C:/NeuralNetworks/ASL_NN/src/fpga/rtl/Layer_4.v" Line 1. Module Layer_4(NN=10,numWeight=32,layerNum=4,weightIntWidth=5) doesn't have a timescale but at least one module in design has a timescale.
WARNING: [XSIM 43-4099] "C:/NeuralNetworks/ASL_NN/src/fpga/rtl/Layer_5.v" Line 1. Module Layer_5(NN=10,numWeight=10,layerNum=5,weightIntWidth=5) doesn't have a timescale but at least one module in design has a timescale.
Completed simulation data flow analysis
Time Resolution for simulation is 1ps
Compiling module xil_defaultlib.axi_lite_wrapper_default
Compiling module xil_defaultlib.Weight_Memory(numWeight=784,neur...
Compiling module xil_defaultlib.ReLU(weightIntWidth=5)
Compiling module xil_defaultlib.neuron(layerNo=1,sigmoidSize=10,...
Compiling module xil_defaultlib.Weight_Memory(numWeight=784,neur...
Compiling module xil_defaultlib.neuron(layerNo=1,neuronNo=1,sigm...
Compiling module xil_defaultlib.Weight_Memory(numWeight=784,neur...
Compiling module xil_defaultlib.neuron(layerNo=1,neuronNo=2,sigm...
Compiling module xil_defaultlib.Weight_Memory(numWeight=784,neur...
Compiling module xil_defaultlib.neuron(layerNo=1,neuronNo=3,sigm...
Compiling module xil_defaultlib.Weight_Memory(numWeight=784,neur...
Compiling module xil_defaultlib.neuron(layerNo=1,neuronNo=4,sigm...
Compiling module xil_defaultlib.Weight_Memory(numWeight=784,weig...
Compiling module xil_defaultlib.neuron(layerNo=1,neuronNo=5,sigm...
Compiling module xil_defaultlib.Weight_Memory(numWeight=784,neur...
Compiling module xil_defaultlib.neuron(layerNo=1,neuronNo=6,sigm...
Compiling module xil_defaultlib.Weight_Memory(numWeight=784,neur...
Compiling module xil_defaultlib.neuron(layerNo=1,neuronNo=7,sigm...
Compiling module xil_defaultlib.Weight_Memory(numWeight=784,neur...
Compiling module xil_defaultlib.neuron(layerNo=1,neuronNo=8,sigm...
Compiling module xil_defaultlib.Weight_Memory(numWeight=784,neur...
Compiling module xil_defaultlib.neuron(layerNo=1,neuronNo=9,sigm...
Compiling module xil_defaultlib.Weight_Memory(numWeight=784,neur...
Compiling module xil_defaultlib.neuron(layerNo=1,neuronNo=10,sig...
Compiling module xil_defaultlib.Weight_Memory(numWeight=784,neur...
Compiling module xil_defaultlib.neuron(layerNo=1,neuronNo=11,sig...
Compiling module xil_defaultlib.Weight_Memory(numWeight=784,neur...
Compiling module xil_defaultlib.neuron(layerNo=1,neuronNo=12,sig...
Compiling module xil_defaultlib.Weight_Memory(numWeight=784,neur...
Compiling module xil_defaultlib.neuron(layerNo=1,neuronNo=13,sig...
Compiling module xil_defaultlib.Weight_Memory(numWeight=784,neur...
Compiling module xil_defaultlib.neuron(layerNo=1,neuronNo=14,sig...
Compiling module xil_defaultlib.Weight_Memory(numWeight=784,neur...
Compiling module xil_defaultlib.neuron(layerNo=1,neuronNo=15,sig...
Compiling module xil_defaultlib.Weight_Memory(numWeight=784,neur...
Compiling module xil_defaultlib.neuron(layerNo=1,neuronNo=16,sig...
Compiling module xil_defaultlib.Weight_Memory(numWeight=784,neur...
Compiling module xil_defaultlib.neuron(layerNo=1,neuronNo=17,sig...
Compiling module xil_defaultlib.Weight_Memory(numWeight=784,neur...
Compiling module xil_defaultlib.neuron(layerNo=1,neuronNo=18,sig...
Compiling module xil_defaultlib.Weight_Memory(numWeight=784,neur...
Compiling module xil_defaultlib.neuron(layerNo=1,neuronNo=19,sig...
Compiling module xil_defaultlib.Weight_Memory(numWeight=784,neur...
Compiling module xil_defaultlib.neuron(layerNo=1,neuronNo=20,sig...
Compiling module xil_defaultlib.Weight_Memory(numWeight=784,neur...
Compiling module xil_defaultlib.neuron(layerNo=1,neuronNo=21,sig...
Compiling module xil_defaultlib.Weight_Memory(numWeight=784,neur...
Compiling module xil_defaultlib.neuron(layerNo=1,neuronNo=22,sig...
Compiling module xil_defaultlib.Weight_Memory(numWeight=784,neur...
Compiling module xil_defaultlib.neuron(layerNo=1,neuronNo=23,sig...
Compiling module xil_defaultlib.Weight_Memory(numWeight=784,neur...
Compiling module xil_defaultlib.neuron(layerNo=1,neuronNo=24,sig...
Compiling module xil_defaultlib.Weight_Memory(numWeight=784,neur...
Compiling module xil_defaultlib.neuron(layerNo=1,neuronNo=25,sig...
Compiling module xil_defaultlib.Weight_Memory(numWeight=784,neur...
Compiling module xil_defaultlib.neuron(layerNo=1,neuronNo=26,sig...
Compiling module xil_defaultlib.Weight_Memory(numWeight=784,neur...
Compiling module xil_defaultlib.neuron(layerNo=1,neuronNo=27,sig...
Compiling module xil_defaultlib.Weight_Memory(numWeight=784,neur...
Compiling module xil_defaultlib.neuron(layerNo=1,neuronNo=28,sig...
Compiling module xil_defaultlib.Weight_Memory(numWeight=784,neur...
Compiling module xil_defaultlib.neuron(layerNo=1,neuronNo=29,sig...
Compiling module xil_defaultlib.Weight_Memory(numWeight=784,neur...
Compiling module xil_defaultlib.neuron(layerNo=1,neuronNo=30,sig...
Compiling module xil_defaultlib.Weight_Memory(numWeight=784,neur...
Compiling module xil_defaultlib.neuron(layerNo=1,neuronNo=31,sig...
Compiling module xil_defaultlib.Weight_Memory(numWeight=784,neur...
Compiling module xil_defaultlib.neuron(layerNo=1,neuronNo=32,sig...
Compiling module xil_defaultlib.Weight_Memory(numWeight=784,neur...
Compiling module xil_defaultlib.neuron(layerNo=1,neuronNo=33,sig...
Compiling module xil_defaultlib.Weight_Memory(numWeight=784,neur...
Compiling module xil_defaultlib.neuron(layerNo=1,neuronNo=34,sig...
Compiling module xil_defaultlib.Weight_Memory(numWeight=784,neur...
Compiling module xil_defaultlib.neuron(layerNo=1,neuronNo=35,sig...
Compiling module xil_defaultlib.Weight_Memory(numWeight=784,neur...
Compiling module xil_defaultlib.neuron(layerNo=1,neuronNo=36,sig...
Compiling module xil_defaultlib.Weight_Memory(numWeight=784,neur...
Compiling module xil_defaultlib.neuron(layerNo=1,neuronNo=37,sig...
Compiling module xil_defaultlib.Weight_Memory(numWeight=784,neur...
Compiling module xil_defaultlib.neuron(layerNo=1,neuronNo=38,sig...
Compiling module xil_defaultlib.Weight_Memory(numWeight=784,neur...
Compiling module xil_defaultlib.neuron(layerNo=1,neuronNo=39,sig...
Compiling module xil_defaultlib.Weight_Memory(numWeight=784,neur...
Compiling module xil_defaultlib.neuron(layerNo=1,neuronNo=40,sig...
Compiling module xil_defaultlib.Weight_Memory(numWeight=784,neur...
Compiling module xil_defaultlib.neuron(layerNo=1,neuronNo=41,sig...
Compiling module xil_defaultlib.Weight_Memory(numWeight=784,neur...
Compiling module xil_defaultlib.neuron(layerNo=1,neuronNo=42,sig...
Compiling module xil_defaultlib.Weight_Memory(numWeight=784,neur...
Compiling module xil_defaultlib.neuron(layerNo=1,neuronNo=43,sig...
Compiling module xil_defaultlib.Weight_Memory(numWeight=784,neur...
Compiling module xil_defaultlib.neuron(layerNo=1,neuronNo=44,sig...
Compiling module xil_defaultlib.Weight_Memory(numWeight=784,neur...
Compiling module xil_defaultlib.neuron(layerNo=1,neuronNo=45,sig...
Compiling module xil_defaultlib.Weight_Memory(numWeight=784,neur...
Compiling module xil_defaultlib.neuron(layerNo=1,neuronNo=46,sig...
Compiling module xil_defaultlib.Weight_Memory(numWeight=784,neur...
Compiling module xil_defaultlib.neuron(layerNo=1,neuronNo=47,sig...
Compiling module xil_defaultlib.Weight_Memory(numWeight=784,neur...
Compiling module xil_defaultlib.neuron(layerNo=1,neuronNo=48,sig...
Compiling module xil_defaultlib.Weight_Memory(numWeight=784,neur...
Compiling module xil_defaultlib.neuron(layerNo=1,neuronNo=49,sig...
Compiling module xil_defaultlib.Weight_Memory(numWeight=784,neur...
Compiling module xil_defaultlib.neuron(layerNo=1,neuronNo=50,sig...
Compiling module xil_defaultlib.Weight_Memory(numWeight=784,neur...
Compiling module xil_defaultlib.neuron(layerNo=1,neuronNo=51,sig...
Compiling module xil_defaultlib.Weight_Memory(numWeight=784,neur...
Compiling module xil_defaultlib.neuron(layerNo=1,neuronNo=52,sig...
Compiling module xil_defaultlib.Weight_Memory(numWeight=784,neur...
Compiling module xil_defaultlib.neuron(layerNo=1,neuronNo=53,sig...
Compiling module xil_defaultlib.Weight_Memory(numWeight=784,neur...
Compiling module xil_defaultlib.neuron(layerNo=1,neuronNo=54,sig...
Compiling module xil_defaultlib.Weight_Memory(numWeight=784,neur...
Compiling module xil_defaultlib.neuron(layerNo=1,neuronNo=55,sig...
Compiling module xil_defaultlib.Weight_Memory(numWeight=784,neur...
Compiling module xil_defaultlib.neuron(layerNo=1,neuronNo=56,sig...
Compiling module xil_defaultlib.Weight_Memory(numWeight=784,neur...
Compiling module xil_defaultlib.neuron(layerNo=1,neuronNo=57,sig...
Compiling module xil_defaultlib.Weight_Memory(numWeight=784,neur...
Compiling module xil_defaultlib.neuron(layerNo=1,neuronNo=58,sig...
Compiling module xil_defaultlib.Weight_Memory(numWeight=784,neur...
Compiling module xil_defaultlib.neuron(layerNo=1,neuronNo=59,sig...
Compiling module xil_defaultlib.Weight_Memory(numWeight=784,neur...
Compiling module xil_defaultlib.neuron(layerNo=1,neuronNo=60,sig...
Compiling module xil_defaultlib.Weight_Memory(numWeight=784,neur...
Compiling module xil_defaultlib.neuron(layerNo=1,neuronNo=61,sig...
Compiling module xil_defaultlib.Weight_Memory(numWeight=784,neur...
Compiling module xil_defaultlib.neuron(layerNo=1,neuronNo=62,sig...
Compiling module xil_defaultlib.Weight_Memory(numWeight=784,neur...
Compiling module xil_defaultlib.neuron(layerNo=1,neuronNo=63,sig...
Compiling module xil_defaultlib.Weight_Memory(numWeight=784,neur...
Compiling module xil_defaultlib.neuron(layerNo=1,neuronNo=64,sig...
Compiling module xil_defaultlib.Weight_Memory(numWeight=784,neur...
Compiling module xil_defaultlib.neuron(layerNo=1,neuronNo=65,sig...
Compiling module xil_defaultlib.Weight_Memory(numWeight=784,neur...
Compiling module xil_defaultlib.neuron(layerNo=1,neuronNo=66,sig...
Compiling module xil_defaultlib.Weight_Memory(numWeight=784,neur...
Compiling module xil_defaultlib.neuron(layerNo=1,neuronNo=67,sig...
Compiling module xil_defaultlib.Weight_Memory(numWeight=784,neur...
Compiling module xil_defaultlib.neuron(layerNo=1,neuronNo=68,sig...
Compiling module xil_defaultlib.Weight_Memory(numWeight=784,neur...
Compiling module xil_defaultlib.neuron(layerNo=1,neuronNo=69,sig...
Compiling module xil_defaultlib.Weight_Memory(numWeight=784,neur...
Compiling module xil_defaultlib.neuron(layerNo=1,neuronNo=70,sig...
Compiling module xil_defaultlib.Weight_Memory(numWeight=784,neur...
Compiling module xil_defaultlib.neuron(layerNo=1,neuronNo=71,sig...
Compiling module xil_defaultlib.Weight_Memory(numWeight=784,neur...
Compiling module xil_defaultlib.neuron(layerNo=1,neuronNo=72,sig...
Compiling module xil_defaultlib.Weight_Memory(numWeight=784,neur...
Compiling module xil_defaultlib.neuron(layerNo=1,neuronNo=73,sig...
Compiling module xil_defaultlib.Weight_Memory(numWeight=784,neur...
Compiling module xil_defaultlib.neuron(layerNo=1,neuronNo=74,sig...
Compiling module xil_defaultlib.Weight_Memory(numWeight=784,neur...
Compiling module xil_defaultlib.neuron(layerNo=1,neuronNo=75,sig...
Compiling module xil_defaultlib.Weight_Memory(numWeight=784,neur...
Compiling module xil_defaultlib.neuron(layerNo=1,neuronNo=76,sig...
Compiling module xil_defaultlib.Weight_Memory(numWeight=784,neur...
Compiling module xil_defaultlib.neuron(layerNo=1,neuronNo=77,sig...
Compiling module xil_defaultlib.Weight_Memory(numWeight=784,neur...
Compiling module xil_defaultlib.neuron(layerNo=1,neuronNo=78,sig...
Compiling module xil_defaultlib.Weight_Memory(numWeight=784,neur...
Compiling module xil_defaultlib.neuron(layerNo=1,neuronNo=79,sig...
Compiling module xil_defaultlib.Weight_Memory(numWeight=784,neur...
Compiling module xil_defaultlib.neuron(layerNo=1,neuronNo=80,sig...
Compiling module xil_defaultlib.Weight_Memory(numWeight=784,neur...
Compiling module xil_defaultlib.neuron(layerNo=1,neuronNo=81,sig...
Compiling module xil_defaultlib.Weight_Memory(numWeight=784,neur...
Compiling module xil_defaultlib.neuron(layerNo=1,neuronNo=82,sig...
Compiling module xil_defaultlib.Weight_Memory(numWeight=784,neur...
Compiling module xil_defaultlib.neuron(layerNo=1,neuronNo=83,sig...
Compiling module xil_defaultlib.Weight_Memory(numWeight=784,neur...
Compiling module xil_defaultlib.neuron(layerNo=1,neuronNo=84,sig...
Compiling module xil_defaultlib.Weight_Memory(numWeight=784,neur...
Compiling module xil_defaultlib.neuron(layerNo=1,neuronNo=85,sig...
Compiling module xil_defaultlib.Weight_Memory(numWeight=784,neur...
Compiling module xil_defaultlib.neuron(layerNo=1,neuronNo=86,sig...
Compiling module xil_defaultlib.Weight_Memory(numWeight=784,neur...
Compiling module xil_defaultlib.neuron(layerNo=1,neuronNo=87,sig...
Compiling module xil_defaultlib.Weight_Memory(numWeight=784,neur...
Compiling module xil_defaultlib.neuron(layerNo=1,neuronNo=88,sig...
Compiling module xil_defaultlib.Weight_Memory(numWeight=784,neur...
Compiling module xil_defaultlib.neuron(layerNo=1,neuronNo=89,sig...
Compiling module xil_defaultlib.Weight_Memory(numWeight=784,neur...
Compiling module xil_defaultlib.neuron(layerNo=1,neuronNo=90,sig...
Compiling module xil_defaultlib.Weight_Memory(numWeight=784,neur...
Compiling module xil_defaultlib.neuron(layerNo=1,neuronNo=91,sig...
Compiling module xil_defaultlib.Weight_Memory(numWeight=784,neur...
Compiling module xil_defaultlib.neuron(layerNo=1,neuronNo=92,sig...
Compiling module xil_defaultlib.Weight_Memory(numWeight=784,neur...
Compiling module xil_defaultlib.neuron(layerNo=1,neuronNo=93,sig...
Compiling module xil_defaultlib.Weight_Memory(numWeight=784,neur...
Compiling module xil_defaultlib.neuron(layerNo=1,neuronNo=94,sig...
Compiling module xil_defaultlib.Weight_Memory(numWeight=784,neur...
Compiling module xil_defaultlib.neuron(layerNo=1,neuronNo=95,sig...
Compiling module xil_defaultlib.Weight_Memory(numWeight=784,neur...
Compiling module xil_defaultlib.neuron(layerNo=1,neuronNo=96,sig...
Compiling module xil_defaultlib.Weight_Memory(numWeight=784,neur...
Compiling module xil_defaultlib.neuron(layerNo=1,neuronNo=97,sig...
Compiling module xil_defaultlib.Weight_Memory(numWeight=784,neur...
Compiling module xil_defaultlib.neuron(layerNo=1,neuronNo=98,sig...
Compiling module xil_defaultlib.Weight_Memory(numWeight=784,neur...
Compiling module xil_defaultlib.neuron(layerNo=1,neuronNo=99,sig...
Compiling module xil_defaultlib.Weight_Memory(numWeight=784,neur...
Compiling module xil_defaultlib.neuron(layerNo=1,neuronNo=100,si...
Compiling module xil_defaultlib.Weight_Memory(numWeight=784,neur...
Compiling module xil_defaultlib.neuron(layerNo=1,neuronNo=101,si...
Compiling module xil_defaultlib.Weight_Memory(numWeight=784,neur...
Compiling module xil_defaultlib.neuron(layerNo=1,neuronNo=102,si...
Compiling module xil_defaultlib.Weight_Memory(numWeight=784,neur...
Compiling module xil_defaultlib.neuron(layerNo=1,neuronNo=103,si...
Compiling module xil_defaultlib.Weight_Memory(numWeight=784,neur...
Compiling module xil_defaultlib.neuron(layerNo=1,neuronNo=104,si...
Compiling module xil_defaultlib.Weight_Memory(numWeight=784,neur...
Compiling module xil_defaultlib.neuron(layerNo=1,neuronNo=105,si...
Compiling module xil_defaultlib.Weight_Memory(numWeight=784,neur...
Compiling module xil_defaultlib.neuron(layerNo=1,neuronNo=106,si...
Compiling module xil_defaultlib.Weight_Memory(numWeight=784,neur...
Compiling module xil_defaultlib.neuron(layerNo=1,neuronNo=107,si...
Compiling module xil_defaultlib.Weight_Memory(numWeight=784,neur...
Compiling module xil_defaultlib.neuron(layerNo=1,neuronNo=108,si...
Compiling module xil_defaultlib.Weight_Memory(numWeight=784,neur...
Compiling module xil_defaultlib.neuron(layerNo=1,neuronNo=109,si...
Compiling module xil_defaultlib.Weight_Memory(numWeight=784,neur...
Compiling module xil_defaultlib.neuron(layerNo=1,neuronNo=110,si...
Compiling module xil_defaultlib.Weight_Memory(numWeight=784,neur...
Compiling module xil_defaultlib.neuron(layerNo=1,neuronNo=111,si...
Compiling module xil_defaultlib.Weight_Memory(numWeight=784,neur...
Compiling module xil_defaultlib.neuron(layerNo=1,neuronNo=112,si...
Compiling module xil_defaultlib.Weight_Memory(numWeight=784,neur...
Compiling module xil_defaultlib.neuron(layerNo=1,neuronNo=113,si...
Compiling module xil_defaultlib.Weight_Memory(numWeight=784,neur...
Compiling module xil_defaultlib.neuron(layerNo=1,neuronNo=114,si...
Compiling module xil_defaultlib.Weight_Memory(numWeight=784,neur...
Compiling module xil_defaultlib.neuron(layerNo=1,neuronNo=115,si...
Compiling module xil_defaultlib.Weight_Memory(numWeight=784,neur...
Compiling module xil_defaultlib.neuron(layerNo=1,neuronNo=116,si...
Compiling module xil_defaultlib.Weight_Memory(numWeight=784,neur...
Compiling module xil_defaultlib.neuron(layerNo=1,neuronNo=117,si...
Compiling module xil_defaultlib.Weight_Memory(numWeight=784,neur...
Compiling module xil_defaultlib.neuron(layerNo=1,neuronNo=118,si...
Compiling module xil_defaultlib.Weight_Memory(numWeight=784,neur...
Compiling module xil_defaultlib.neuron(layerNo=1,neuronNo=119,si...
Compiling module xil_defaultlib.Weight_Memory(numWeight=784,neur...
Compiling module xil_defaultlib.neuron(layerNo=1,neuronNo=120,si...
Compiling module xil_defaultlib.Weight_Memory(numWeight=784,neur...
Compiling module xil_defaultlib.neuron(layerNo=1,neuronNo=121,si...
Compiling module xil_defaultlib.Weight_Memory(numWeight=784,neur...
Compiling module xil_defaultlib.neuron(layerNo=1,neuronNo=122,si...
Compiling module xil_defaultlib.Weight_Memory(numWeight=784,neur...
Compiling module xil_defaultlib.neuron(layerNo=1,neuronNo=123,si...
Compiling module xil_defaultlib.Weight_Memory(numWeight=784,neur...
Compiling module xil_defaultlib.neuron(layerNo=1,neuronNo=124,si...
Compiling module xil_defaultlib.Weight_Memory(numWeight=784,neur...
Compiling module xil_defaultlib.neuron(layerNo=1,neuronNo=125,si...
Compiling module xil_defaultlib.Weight_Memory(numWeight=784,neur...
Compiling module xil_defaultlib.neuron(layerNo=1,neuronNo=126,si...
Compiling module xil_defaultlib.Weight_Memory(numWeight=784,neur...
Compiling module xil_defaultlib.neuron(layerNo=1,neuronNo=127,si...
Compiling module xil_defaultlib.Layer_1(NN=128,weightIntWidth=5)
Compiling module xil_defaultlib.Weight_Memory(numWeight=128,neur...
Compiling module xil_defaultlib.neuron(layerNo=2,numWeight=128,s...
Compiling module xil_defaultlib.Weight_Memory(numWeight=128,neur...
Compiling module xil_defaultlib.neuron(layerNo=2,neuronNo=1,numW...
Compiling module xil_defaultlib.Weight_Memory(numWeight=128,neur...
Compiling module xil_defaultlib.neuron(layerNo=2,neuronNo=2,numW...
Compiling module xil_defaultlib.Weight_Memory(numWeight=128,neur...
Compiling module xil_defaultlib.neuron(layerNo=2,neuronNo=3,numW...
Compiling module xil_defaultlib.Weight_Memory(numWeight=128,neur...
Compiling module xil_defaultlib.neuron(layerNo=2,neuronNo=4,numW...
Compiling module xil_defaultlib.Weight_Memory(numWeight=128,laye...
Compiling module xil_defaultlib.neuron(layerNo=2,neuronNo=5,numW...
Compiling module xil_defaultlib.Weight_Memory(numWeight=128,neur...
Compiling module xil_defaultlib.neuron(layerNo=2,neuronNo=6,numW...
Compiling module xil_defaultlib.Weight_Memory(numWeight=128,neur...
Compiling module xil_defaultlib.neuron(layerNo=2,neuronNo=7,numW...
Compiling module xil_defaultlib.Weight_Memory(numWeight=128,neur...
Compiling module xil_defaultlib.neuron(layerNo=2,neuronNo=8,numW...
Compiling module xil_defaultlib.Weight_Memory(numWeight=128,neur...
Compiling module xil_defaultlib.neuron(layerNo=2,neuronNo=9,numW...
Compiling module xil_defaultlib.Weight_Memory(numWeight=128,neur...
Compiling module xil_defaultlib.neuron(layerNo=2,neuronNo=10,num...
Compiling module xil_defaultlib.Weight_Memory(numWeight=128,neur...
Compiling module xil_defaultlib.neuron(layerNo=2,neuronNo=11,num...
Compiling module xil_defaultlib.Weight_Memory(numWeight=128,neur...
Compiling module xil_defaultlib.neuron(layerNo=2,neuronNo=12,num...
Compiling module xil_defaultlib.Weight_Memory(numWeight=128,neur...
Compiling module xil_defaultlib.neuron(layerNo=2,neuronNo=13,num...
Compiling module xil_defaultlib.Weight_Memory(numWeight=128,neur...
Compiling module xil_defaultlib.neuron(layerNo=2,neuronNo=14,num...
Compiling module xil_defaultlib.Weight_Memory(numWeight=128,neur...
Compiling module xil_defaultlib.neuron(layerNo=2,neuronNo=15,num...
Compiling module xil_defaultlib.Weight_Memory(numWeight=128,neur...
Compiling module xil_defaultlib.neuron(layerNo=2,neuronNo=16,num...
Compiling module xil_defaultlib.Weight_Memory(numWeight=128,neur...
Compiling module xil_defaultlib.neuron(layerNo=2,neuronNo=17,num...
Compiling module xil_defaultlib.Weight_Memory(numWeight=128,neur...
Compiling module xil_defaultlib.neuron(layerNo=2,neuronNo=18,num...
Compiling module xil_defaultlib.Weight_Memory(numWeight=128,neur...
Compiling module xil_defaultlib.neuron(layerNo=2,neuronNo=19,num...
Compiling module xil_defaultlib.Weight_Memory(numWeight=128,neur...
Compiling module xil_defaultlib.neuron(layerNo=2,neuronNo=20,num...
Compiling module xil_defaultlib.Weight_Memory(numWeight=128,neur...
Compiling module xil_defaultlib.neuron(layerNo=2,neuronNo=21,num...
Compiling module xil_defaultlib.Weight_Memory(numWeight=128,neur...
Compiling module xil_defaultlib.neuron(layerNo=2,neuronNo=22,num...
Compiling module xil_defaultlib.Weight_Memory(numWeight=128,neur...
Compiling module xil_defaultlib.neuron(layerNo=2,neuronNo=23,num...
Compiling module xil_defaultlib.Weight_Memory(numWeight=128,neur...
Compiling module xil_defaultlib.neuron(layerNo=2,neuronNo=24,num...
Compiling module xil_defaultlib.Weight_Memory(numWeight=128,neur...
Compiling module xil_defaultlib.neuron(layerNo=2,neuronNo=25,num...
Compiling module xil_defaultlib.Weight_Memory(numWeight=128,neur...
Compiling module xil_defaultlib.neuron(layerNo=2,neuronNo=26,num...
Compiling module xil_defaultlib.Weight_Memory(numWeight=128,neur...
Compiling module xil_defaultlib.neuron(layerNo=2,neuronNo=27,num...
Compiling module xil_defaultlib.Weight_Memory(numWeight=128,neur...
Compiling module xil_defaultlib.neuron(layerNo=2,neuronNo=28,num...
Compiling module xil_defaultlib.Weight_Memory(numWeight=128,neur...
Compiling module xil_defaultlib.neuron(layerNo=2,neuronNo=29,num...
Compiling module xil_defaultlib.Weight_Memory(numWeight=128,neur...
Compiling module xil_defaultlib.neuron(layerNo=2,neuronNo=30,num...
Compiling module xil_defaultlib.Weight_Memory(numWeight=128,neur...
Compiling module xil_defaultlib.neuron(layerNo=2,neuronNo=31,num...
Compiling module xil_defaultlib.Weight_Memory(numWeight=128,neur...
Compiling module xil_defaultlib.neuron(layerNo=2,neuronNo=32,num...
Compiling module xil_defaultlib.Weight_Memory(numWeight=128,neur...
Compiling module xil_defaultlib.neuron(layerNo=2,neuronNo=33,num...
Compiling module xil_defaultlib.Weight_Memory(numWeight=128,neur...
Compiling module xil_defaultlib.neuron(layerNo=2,neuronNo=34,num...
Compiling module xil_defaultlib.Weight_Memory(numWeight=128,neur...
Compiling module xil_defaultlib.neuron(layerNo=2,neuronNo=35,num...
Compiling module xil_defaultlib.Weight_Memory(numWeight=128,neur...
Compiling module xil_defaultlib.neuron(layerNo=2,neuronNo=36,num...
Compiling module xil_defaultlib.Weight_Memory(numWeight=128,neur...
Compiling module xil_defaultlib.neuron(layerNo=2,neuronNo=37,num...
Compiling module xil_defaultlib.Weight_Memory(numWeight=128,neur...
Compiling module xil_defaultlib.neuron(layerNo=2,neuronNo=38,num...
Compiling module xil_defaultlib.Weight_Memory(numWeight=128,neur...
Compiling module xil_defaultlib.neuron(layerNo=2,neuronNo=39,num...
Compiling module xil_defaultlib.Weight_Memory(numWeight=128,neur...
Compiling module xil_defaultlib.neuron(layerNo=2,neuronNo=40,num...
Compiling module xil_defaultlib.Weight_Memory(numWeight=128,neur...
Compiling module xil_defaultlib.neuron(layerNo=2,neuronNo=41,num...
Compiling module xil_defaultlib.Weight_Memory(numWeight=128,neur...
Compiling module xil_defaultlib.neuron(layerNo=2,neuronNo=42,num...
Compiling module xil_defaultlib.Weight_Memory(numWeight=128,neur...
Compiling module xil_defaultlib.neuron(layerNo=2,neuronNo=43,num...
Compiling module xil_defaultlib.Weight_Memory(numWeight=128,neur...
Compiling module xil_defaultlib.neuron(layerNo=2,neuronNo=44,num...
Compiling module xil_defaultlib.Weight_Memory(numWeight=128,neur...
Compiling module xil_defaultlib.neuron(layerNo=2,neuronNo=45,num...
Compiling module xil_defaultlib.Weight_Memory(numWeight=128,neur...
Compiling module xil_defaultlib.neuron(layerNo=2,neuronNo=46,num...
Compiling module xil_defaultlib.Weight_Memory(numWeight=128,neur...
Compiling module xil_defaultlib.neuron(layerNo=2,neuronNo=47,num...
Compiling module xil_defaultlib.Weight_Memory(numWeight=128,neur...
Compiling module xil_defaultlib.neuron(layerNo=2,neuronNo=48,num...
Compiling module xil_defaultlib.Weight_Memory(numWeight=128,neur...
Compiling module xil_defaultlib.neuron(layerNo=2,neuronNo=49,num...
Compiling module xil_defaultlib.Weight_Memory(numWeight=128,neur...
Compiling module xil_defaultlib.neuron(layerNo=2,neuronNo=50,num...
Compiling module xil_defaultlib.Weight_Memory(numWeight=128,neur...
Compiling module xil_defaultlib.neuron(layerNo=2,neuronNo=51,num...
Compiling module xil_defaultlib.Weight_Memory(numWeight=128,neur...
Compiling module xil_defaultlib.neuron(layerNo=2,neuronNo=52,num...
Compiling module xil_defaultlib.Weight_Memory(numWeight=128,neur...
Compiling module xil_defaultlib.neuron(layerNo=2,neuronNo=53,num...
Compiling module xil_defaultlib.Weight_Memory(numWeight=128,neur...
Compiling module xil_defaultlib.neuron(layerNo=2,neuronNo=54,num...
Compiling module xil_defaultlib.Weight_Memory(numWeight=128,neur...
Compiling module xil_defaultlib.neuron(layerNo=2,neuronNo=55,num...
Compiling module xil_defaultlib.Weight_Memory(numWeight=128,neur...
Compiling module xil_defaultlib.neuron(layerNo=2,neuronNo=56,num...
Compiling module xil_defaultlib.Weight_Memory(numWeight=128,neur...
Compiling module xil_defaultlib.neuron(layerNo=2,neuronNo=57,num...
Compiling module xil_defaultlib.Weight_Memory(numWeight=128,neur...
Compiling module xil_defaultlib.neuron(layerNo=2,neuronNo=58,num...
Compiling module xil_defaultlib.Weight_Memory(numWeight=128,neur...
Compiling module xil_defaultlib.neuron(layerNo=2,neuronNo=59,num...
Compiling module xil_defaultlib.Weight_Memory(numWeight=128,neur...
Compiling module xil_defaultlib.neuron(layerNo=2,neuronNo=60,num...
Compiling module xil_defaultlib.Weight_Memory(numWeight=128,neur...
Compiling module xil_defaultlib.neuron(layerNo=2,neuronNo=61,num...
Compiling module xil_defaultlib.Weight_Memory(numWeight=128,neur...
Compiling module xil_defaultlib.neuron(layerNo=2,neuronNo=62,num...
Compiling module xil_defaultlib.Weight_Memory(numWeight=128,neur...
Compiling module xil_defaultlib.neuron(layerNo=2,neuronNo=63,num...
Compiling module xil_defaultlib.Layer_2(NN=64,numWeight=128,laye...
Compiling module xil_defaultlib.Weight_Memory(numWeight=64,neuro...
Compiling module xil_defaultlib.neuron(layerNo=3,numWeight=64,si...
Compiling module xil_defaultlib.Weight_Memory(numWeight=64,neuro...
Compiling module xil_defaultlib.neuron(layerNo=3,neuronNo=1,numW...
Compiling module xil_defaultlib.Weight_Memory(numWeight=64,neuro...
Compiling module xil_defaultlib.neuron(layerNo=3,neuronNo=2,numW...
Compiling module xil_defaultlib.Weight_Memory(numWeight=64,neuro...
Compiling module xil_defaultlib.neuron(layerNo=3,neuronNo=3,numW...
Compiling module xil_defaultlib.Weight_Memory(numWeight=64,neuro...
Compiling module xil_defaultlib.neuron(layerNo=3,neuronNo=4,numW...
Compiling module xil_defaultlib.Weight_Memory(numWeight=64,layer...
Compiling module xil_defaultlib.neuron(layerNo=3,neuronNo=5,numW...
Compiling module xil_defaultlib.Weight_Memory(numWeight=64,neuro...
Compiling module xil_defaultlib.neuron(layerNo=3,neuronNo=6,numW...
Compiling module xil_defaultlib.Weight_Memory(numWeight=64,neuro...
Compiling module xil_defaultlib.neuron(layerNo=3,neuronNo=7,numW...
Compiling module xil_defaultlib.Weight_Memory(numWeight=64,neuro...
Compiling module xil_defaultlib.neuron(layerNo=3,neuronNo=8,numW...
Compiling module xil_defaultlib.Weight_Memory(numWeight=64,neuro...
Compiling module xil_defaultlib.neuron(layerNo=3,neuronNo=9,numW...
Compiling module xil_defaultlib.Weight_Memory(numWeight=64,neuro...
Compiling module xil_defaultlib.neuron(layerNo=3,neuronNo=10,num...
Compiling module xil_defaultlib.Weight_Memory(numWeight=64,neuro...
Compiling module xil_defaultlib.neuron(layerNo=3,neuronNo=11,num...
Compiling module xil_defaultlib.Weight_Memory(numWeight=64,neuro...
Compiling module xil_defaultlib.neuron(layerNo=3,neuronNo=12,num...
Compiling module xil_defaultlib.Weight_Memory(numWeight=64,neuro...
Compiling module xil_defaultlib.neuron(layerNo=3,neuronNo=13,num...
Compiling module xil_defaultlib.Weight_Memory(numWeight=64,neuro...
Compiling module xil_defaultlib.neuron(layerNo=3,neuronNo=14,num...
Compiling module xil_defaultlib.Weight_Memory(numWeight=64,neuro...
Compiling module xil_defaultlib.neuron(layerNo=3,neuronNo=15,num...
Compiling module xil_defaultlib.Weight_Memory(numWeight=64,neuro...
Compiling module xil_defaultlib.neuron(layerNo=3,neuronNo=16,num...
Compiling module xil_defaultlib.Weight_Memory(numWeight=64,neuro...
Compiling module xil_defaultlib.neuron(layerNo=3,neuronNo=17,num...
Compiling module xil_defaultlib.Weight_Memory(numWeight=64,neuro...
Compiling module xil_defaultlib.neuron(layerNo=3,neuronNo=18,num...
Compiling module xil_defaultlib.Weight_Memory(numWeight=64,neuro...
Compiling module xil_defaultlib.neuron(layerNo=3,neuronNo=19,num...
Compiling module xil_defaultlib.Weight_Memory(numWeight=64,neuro...
Compiling module xil_defaultlib.neuron(layerNo=3,neuronNo=20,num...
Compiling module xil_defaultlib.Weight_Memory(numWeight=64,neuro...
Compiling module xil_defaultlib.neuron(layerNo=3,neuronNo=21,num...
Compiling module xil_defaultlib.Weight_Memory(numWeight=64,neuro...
Compiling module xil_defaultlib.neuron(layerNo=3,neuronNo=22,num...
Compiling module xil_defaultlib.Weight_Memory(numWeight=64,neuro...
Compiling module xil_defaultlib.neuron(layerNo=3,neuronNo=23,num...
Compiling module xil_defaultlib.Weight_Memory(numWeight=64,neuro...
Compiling module xil_defaultlib.neuron(layerNo=3,neuronNo=24,num...
Compiling module xil_defaultlib.Weight_Memory(numWeight=64,neuro...
Compiling module xil_defaultlib.neuron(layerNo=3,neuronNo=25,num...
Compiling module xil_defaultlib.Weight_Memory(numWeight=64,neuro...
Compiling module xil_defaultlib.neuron(layerNo=3,neuronNo=26,num...
Compiling module xil_defaultlib.Weight_Memory(numWeight=64,neuro...
Compiling module xil_defaultlib.neuron(layerNo=3,neuronNo=27,num...
Compiling module xil_defaultlib.Weight_Memory(numWeight=64,neuro...
Compiling module xil_defaultlib.neuron(layerNo=3,neuronNo=28,num...
Compiling module xil_defaultlib.Weight_Memory(numWeight=64,neuro...
Compiling module xil_defaultlib.neuron(layerNo=3,neuronNo=29,num...
Compiling module xil_defaultlib.Weight_Memory(numWeight=64,neuro...
Compiling module xil_defaultlib.neuron(layerNo=3,neuronNo=30,num...
Compiling module xil_defaultlib.Weight_Memory(numWeight=64,neuro...
Compiling module xil_defaultlib.neuron(layerNo=3,neuronNo=31,num...
Compiling module xil_defaultlib.Layer_3(NN=32,numWeight=64,layer...
Compiling module xil_defaultlib.Weight_Memory(numWeight=32,neuro...
Compiling module xil_defaultlib.neuron(layerNo=4,numWeight=32,si...
Compiling module xil_defaultlib.Weight_Memory(numWeight=32,neuro...
Compiling module xil_defaultlib.neuron(layerNo=4,neuronNo=1,numW...
Compiling module xil_defaultlib.Weight_Memory(numWeight=32,neuro...
Compiling module xil_defaultlib.neuron(layerNo=4,neuronNo=2,numW...
Compiling module xil_defaultlib.Weight_Memory(numWeight=32,neuro...
Compiling module xil_defaultlib.neuron(layerNo=4,neuronNo=3,numW...
Compiling module xil_defaultlib.Weight_Memory(numWeight=32,neuro...
Compiling module xil_defaultlib.neuron(layerNo=4,neuronNo=4,numW...
Compiling module xil_defaultlib.Weight_Memory(numWeight=32,layer...
Compiling module xil_defaultlib.neuron(layerNo=4,neuronNo=5,numW...
Compiling module xil_defaultlib.Weight_Memory(numWeight=32,neuro...
Compiling module xil_defaultlib.neuron(layerNo=4,neuronNo=6,numW...
Compiling module xil_defaultlib.Weight_Memory(numWeight=32,neuro...
Compiling module xil_defaultlib.neuron(layerNo=4,neuronNo=7,numW...
Compiling module xil_defaultlib.Weight_Memory(numWeight=32,neuro...
Compiling module xil_defaultlib.neuron(layerNo=4,neuronNo=8,numW...
Compiling module xil_defaultlib.Weight_Memory(numWeight=32,neuro...
Compiling module xil_defaultlib.neuron(layerNo=4,neuronNo=9,numW...
Compiling module xil_defaultlib.Layer_4(NN=10,numWeight=32,layer...
Compiling module xil_defaultlib.Weight_Memory(numWeight=10,neuro...
Compiling module xil_defaultlib.neuron(layerNo=5,numWeight=10,si...
Compiling module xil_defaultlib.Weight_Memory(numWeight=10,neuro...
Compiling module xil_defaultlib.neuron(layerNo=5,neuronNo=1,numW...
Compiling module xil_defaultlib.Weight_Memory(numWeight=10,neuro...
Compiling module xil_defaultlib.neuron(layerNo=5,neuronNo=2,numW...
Compiling module xil_defaultlib.Weight_Memory(numWeight=10,neuro...
Compiling module xil_defaultlib.neuron(layerNo=5,neuronNo=3,numW...
Compiling module xil_defaultlib.Weight_Memory(numWeight=10,neuro...
Compiling module xil_defaultlib.neuron(layerNo=5,neuronNo=4,numW...
Compiling module xil_defaultlib.Weight_Memory(numWeight=10,layer...
Compiling module xil_defaultlib.neuron(layerNo=5,neuronNo=5,numW...
Compiling module xil_defaultlib.Weight_Memory(numWeight=10,neuro...
Compiling module xil_defaultlib.neuron(layerNo=5,neuronNo=6,numW...
Compiling module xil_defaultlib.Weight_Memory(numWeight=10,neuro...
Compiling module xil_defaultlib.neuron(layerNo=5,neuronNo=7,numW...
Compiling module xil_defaultlib.Weight_Memory(numWeight=10,neuro...
Compiling module xil_defaultlib.neuron(layerNo=5,neuronNo=8,numW...
Compiling module xil_defaultlib.Weight_Memory(numWeight=10,neuro...
Compiling module xil_defaultlib.neuron(layerNo=5,neuronNo=9,numW...
Compiling module xil_defaultlib.Layer_5(NN=10,numWeight=10,layer...
Compiling module xil_defaultlib.maxFinder
Compiling module xil_defaultlib.zyNet
Compiling module xil_defaultlib.top_sim
Compiling module xil_defaultlib.glbl
Built simulation snapshot top_sim_behav
